<?xml version="1.0" encoding="UTF-8"?>
<testsuite xmlns:xsi="http://www.w3.org/2001/XMLSchema-instance" xsi:noNamespaceSchemaLocation="https://maven.apache.org/surefire/maven-surefire-plugin/xsd/surefire-test-report-3.0.xsd" version="3.0" name="sit.pawslink.PawlinksApplicationTests" time="3.141" tests="1" errors="0" skipped="0" failures="0">
  <properties>
    <property name="java.specification.version" value="22"/>
    <property name="sun.jnu.encoding" value="UTF-8"/>
    <property name="java.class.path" value="/Users/7sada/Documents/GitHub/pawslink-project/backend/target/test-classes:/Users/7sada/Documents/GitHub/pawslink-project/backend/target/classes:/Users/7sada/.m2/repository/org/springframework/boot/spring-boot-starter-data-jpa/3.3.6/spring-boot-starter-data-jpa-3.3.6.jar:/Users/7sada/.m2/repository/org/springframework/boot/spring-boot-starter-aop/3.3.6/spring-boot-starter-aop-3.3.6.jar:/Users/7sada/.m2/repository/org/aspectj/aspectjweaver/1.9.22.1/aspectjweaver-1.9.22.1.jar:/Users/7sada/.m2/repository/org/springframework/boot/spring-boot-starter-jdbc/3.3.6/spring-boot-starter-jdbc-3.3.6.jar:/Users/7sada/.m2/repository/com/zaxxer/HikariCP/5.1.0/HikariCP-5.1.0.jar:/Users/7sada/.m2/repository/org/springframework/spring-jdbc/6.1.15/spring-jdbc-6.1.15.jar:/Users/7sada/.m2/repository/org/hibernate/orm/hibernate-core/6.5.3.Final/hibernate-core-6.5.3.Final.jar:/Users/7sada/.m2/repository/jakarta/persistence/jakarta.persistence-api/3.1.0/jakarta.persistence-api-3.1.0.jar:/Users/7sada/.m2/repository/jakarta/transaction/jakarta.transaction-api/2.0.1/jakarta.transaction-api-2.0.1.jar:/Users/7sada/.m2/repository/org/jboss/logging/jboss-logging/3.5.3.Final/jboss-logging-3.5.3.Final.jar:/Users/7sada/.m2/repository/org/hibernate/common/hibernate-commons-annotations/6.0.6.Final/hibernate-commons-annotations-6.0.6.Final.jar:/Users/7sada/.m2/repository/io/smallrye/jandex/3.1.2/jandex-3.1.2.jar:/Users/7sada/.m2/repository/com/fasterxml/classmate/1.7.0/classmate-1.7.0.jar:/Users/7sada/.m2/repository/net/bytebuddy/byte-buddy/1.14.19/byte-buddy-1.14.19.jar:/Users/7sada/.m2/repository/org/glassfish/jaxb/jaxb-runtime/4.0.5/jaxb-runtime-4.0.5.jar:/Users/7sada/.m2/repository/org/glassfish/jaxb/jaxb-core/4.0.5/jaxb-core-4.0.5.jar:/Users/7sada/.m2/repository/org/eclipse/angus/angus-activation/2.0.2/angus-activation-2.0.2.jar:/Users/7sada/.m2/repository/org/glassfish/jaxb/txw2/4.0.5/txw2-4.0.5.jar:/Users/7sada/.m2/repository/com/sun/istack/istack-commons-runtime/4.1.2/istack-commons-runtime-4.1.2.jar:/Users/7sada/.m2/repository/jakarta/inject/jakarta.inject-api/2.0.1/jakarta.inject-api-2.0.1.jar:/Users/7sada/.m2/repository/org/antlr/antlr4-runtime/4.13.0/antlr4-runtime-4.13.0.jar:/Users/7sada/.m2/repository/org/springframework/data/spring-data-jpa/3.3.6/spring-data-jpa-3.3.6.jar:/Users/7sada/.m2/repository/org/springframework/data/spring-data-commons/3.3.6/spring-data-commons-3.3.6.jar:/Users/7sada/.m2/repository/org/springframework/spring-orm/6.1.15/spring-orm-6.1.15.jar:/Users/7sada/.m2/repository/org/springframework/spring-context/6.1.15/spring-context-6.1.15.jar:/Users/7sada/.m2/repository/org/springframework/spring-tx/6.1.15/spring-tx-6.1.15.jar:/Users/7sada/.m2/repository/org/springframework/spring-beans/6.1.15/spring-beans-6.1.15.jar:/Users/7sada/.m2/repository/jakarta/annotation/jakarta.annotation-api/2.1.1/jakarta.annotation-api-2.1.1.jar:/Users/7sada/.m2/repository/org/slf4j/slf4j-api/2.0.16/slf4j-api-2.0.16.jar:/Users/7sada/.m2/repository/org/springframework/spring-aspects/6.1.15/spring-aspects-6.1.15.jar:/Users/7sada/.m2/repository/org/springframework/boot/spring-boot-starter-data-rest/3.3.6/spring-boot-starter-data-rest-3.3.6.jar:/Users/7sada/.m2/repository/org/springframework/data/spring-data-rest-webmvc/4.3.6/spring-data-rest-webmvc-4.3.6.jar:/Users/7sada/.m2/repository/org/springframework/data/spring-data-rest-core/4.3.6/spring-data-rest-core-4.3.6.jar:/Users/7sada/.m2/repository/org/springframework/hateoas/spring-hateoas/2.3.3/spring-hateoas-2.3.3.jar:/Users/7sada/.m2/repository/org/springframework/plugin/spring-plugin-core/3.0.0/spring-plugin-core-3.0.0.jar:/Users/7sada/.m2/repository/org/atteo/evo-inflector/1.3/evo-inflector-1.3.jar:/Users/7sada/.m2/repository/com/fasterxml/jackson/core/jackson-annotations/2.17.3/jackson-annotations-2.17.3.jar:/Users/7sada/.m2/repository/org/springframework/boot/spring-boot-starter-web/3.3.6/spring-boot-starter-web-3.3.6.jar:/Users/7sada/.m2/repository/org/springframework/boot/spring-boot-starter/3.3.6/spring-boot-starter-3.3.6.jar:/Users/7sada/.m2/repository/org/springframework/boot/spring-boot-starter-logging/3.3.6/spring-boot-starter-logging-3.3.6.jar:/Users/7sada/.m2/repository/ch/qos/logback/logback-classic/1.5.12/logback-classic-1.5.12.jar:/Users/7sada/.m2/repository/ch/qos/logback/logback-core/1.5.12/logback-core-1.5.12.jar:/Users/7sada/.m2/repository/org/apache/logging/log4j/log4j-to-slf4j/2.23.1/log4j-to-slf4j-2.23.1.jar:/Users/7sada/.m2/repository/org/apache/logging/log4j/log4j-api/2.23.1/log4j-api-2.23.1.jar:/Users/7sada/.m2/repository/org/slf4j/jul-to-slf4j/2.0.16/jul-to-slf4j-2.0.16.jar:/Users/7sada/.m2/repository/org/yaml/snakeyaml/2.2/snakeyaml-2.2.jar:/Users/7sada/.m2/repository/org/springframework/boot/spring-boot-starter-json/3.3.6/spring-boot-starter-json-3.3.6.jar:/Users/7sada/.m2/repository/com/fasterxml/jackson/datatype/jackson-datatype-jdk8/2.17.3/jackson-datatype-jdk8-2.17.3.jar:/Users/7sada/.m2/repository/com/fasterxml/jackson/datatype/jackson-datatype-jsr310/2.17.3/jackson-datatype-jsr310-2.17.3.jar:/Users/7sada/.m2/repository/com/fasterxml/jackson/module/jackson-module-parameter-names/2.17.3/jackson-module-parameter-names-2.17.3.jar:/Users/7sada/.m2/repository/org/springframework/boot/spring-boot-starter-tomcat/3.3.6/spring-boot-starter-tomcat-3.3.6.jar:/Users/7sada/.m2/repository/org/apache/tomcat/embed/tomcat-embed-core/10.1.33/tomcat-embed-core-10.1.33.jar:/Users/7sada/.m2/repository/org/apache/tomcat/embed/tomcat-embed-websocket/10.1.33/tomcat-embed-websocket-10.1.33.jar:/Users/7sada/.m2/repository/org/springframework/spring-web/6.1.15/spring-web-6.1.15.jar:/Users/7sada/.m2/repository/io/micrometer/micrometer-observation/1.13.8/micrometer-observation-1.13.8.jar:/Users/7sada/.m2/repository/io/micrometer/micrometer-commons/1.13.8/micrometer-commons-1.13.8.jar:/Users/7sada/.m2/repository/org/springframework/spring-webmvc/6.1.15/spring-webmvc-6.1.15.jar:/Users/7sada/.m2/repository/org/springframework/spring-expression/6.1.15/spring-expression-6.1.15.jar:/Users/7sada/.m2/repository/org/springframework/boot/spring-boot-devtools/3.3.6/spring-boot-devtools-3.3.6.jar:/Users/7sada/.m2/repository/org/springframework/boot/spring-boot/3.3.6/spring-boot-3.3.6.jar:/Users/7sada/.m2/repository/org/springframework/boot/spring-boot-autoconfigure/3.3.6/spring-boot-autoconfigure-3.3.6.jar:/Users/7sada/.m2/repository/com/mysql/mysql-connector-j/8.3.0/mysql-connector-j-8.3.0.jar:/Users/7sada/.m2/repository/org/projectlombok/lombok/1.18.36/lombok-1.18.36.jar:/Users/7sada/.m2/repository/org/springframework/boot/spring-boot-starter-test/3.3.6/spring-boot-starter-test-3.3.6.jar:/Users/7sada/.m2/repository/org/springframework/boot/spring-boot-test/3.3.6/spring-boot-test-3.3.6.jar:/Users/7sada/.m2/repository/org/springframework/boot/spring-boot-test-autoconfigure/3.3.6/spring-boot-test-autoconfigure-3.3.6.jar:/Users/7sada/.m2/repository/com/jayway/jsonpath/json-path/2.9.0/json-path-2.9.0.jar:/Users/7sada/.m2/repository/jakarta/xml/bind/jakarta.xml.bind-api/4.0.2/jakarta.xml.bind-api-4.0.2.jar:/Users/7sada/.m2/repository/jakarta/activation/jakarta.activation-api/2.1.3/jakarta.activation-api-2.1.3.jar:/Users/7sada/.m2/repository/net/minidev/json-smart/2.5.1/json-smart-2.5.1.jar:/Users/7sada/.m2/repository/net/minidev/accessors-smart/2.5.1/accessors-smart-2.5.1.jar:/Users/7sada/.m2/repository/org/ow2/asm/asm/9.6/asm-9.6.jar:/Users/7sada/.m2/repository/org/assertj/assertj-core/3.25.3/assertj-core-3.25.3.jar:/Users/7sada/.m2/repository/org/awaitility/awaitility/4.2.2/awaitility-4.2.2.jar:/Users/7sada/.m2/repository/org/hamcrest/hamcrest/2.2/hamcrest-2.2.jar:/Users/7sada/.m2/repository/org/junit/jupiter/junit-jupiter/5.10.5/junit-jupiter-5.10.5.jar:/Users/7sada/.m2/repository/org/junit/jupiter/junit-jupiter-api/5.10.5/junit-jupiter-api-5.10.5.jar:/Users/7sada/.m2/repository/org/opentest4j/opentest4j/1.3.0/opentest4j-1.3.0.jar:/Users/7sada/.m2/repository/org/junit/platform/junit-platform-commons/1.10.5/junit-platform-commons-1.10.5.jar:/Users/7sada/.m2/repository/org/apiguardian/apiguardian-api/1.1.2/apiguardian-api-1.1.2.jar:/Users/7sada/.m2/repository/org/junit/jupiter/junit-jupiter-params/5.10.5/junit-jupiter-params-5.10.5.jar:/Users/7sada/.m2/repository/org/junit/jupiter/junit-jupiter-engine/5.10.5/junit-jupiter-engine-5.10.5.jar:/Users/7sada/.m2/repository/org/junit/platform/junit-platform-engine/1.10.5/junit-platform-engine-1.10.5.jar:/Users/7sada/.m2/repository/org/mockito/mockito-core/5.11.0/mockito-core-5.11.0.jar:/Users/7sada/.m2/repository/net/bytebuddy/byte-buddy-agent/1.14.19/byte-buddy-agent-1.14.19.jar:/Users/7sada/.m2/repository/org/objenesis/objenesis/3.3/objenesis-3.3.jar:/Users/7sada/.m2/repository/org/mockito/mockito-junit-jupiter/5.11.0/mockito-junit-jupiter-5.11.0.jar:/Users/7sada/.m2/repository/org/skyscreamer/jsonassert/1.5.3/jsonassert-1.5.3.jar:/Users/7sada/.m2/repository/com/vaadin/external/google/android-json/0.0.20131108.vaadin1/android-json-0.0.20131108.vaadin1.jar:/Users/7sada/.m2/repository/org/springframework/spring-core/6.1.15/spring-core-6.1.15.jar:/Users/7sada/.m2/repository/org/springframework/spring-jcl/6.1.15/spring-jcl-6.1.15.jar:/Users/7sada/.m2/repository/org/springframework/spring-test/6.1.15/spring-test-6.1.15.jar:/Users/7sada/.m2/repository/org/xmlunit/xmlunit-core/2.9.1/xmlunit-core-2.9.1.jar:/Users/7sada/.m2/repository/org/springframework/boot/spring-boot-starter-validation/3.3.6/spring-boot-starter-validation-3.3.6.jar:/Users/7sada/.m2/repository/org/apache/tomcat/embed/tomcat-embed-el/10.1.33/tomcat-embed-el-10.1.33.jar:/Users/7sada/.m2/repository/org/hibernate/validator/hibernate-validator/8.0.1.Final/hibernate-validator-8.0.1.Final.jar:/Users/7sada/.m2/repository/jakarta/validation/jakarta.validation-api/3.0.2/jakarta.validation-api-3.0.2.jar:/Users/7sada/.m2/repository/software/amazon/awssdk/s3/2.25.27/s3-2.25.27.jar:/Users/7sada/.m2/repository/software/amazon/awssdk/aws-xml-protocol/2.25.27/aws-xml-protocol-2.25.27.jar:/Users/7sada/.m2/repository/software/amazon/awssdk/aws-query-protocol/2.25.27/aws-query-protocol-2.25.27.jar:/Users/7sada/.m2/repository/software/amazon/awssdk/protocol-core/2.25.27/protocol-core-2.25.27.jar:/Users/7sada/.m2/repository/software/amazon/awssdk/arns/2.25.27/arns-2.25.27.jar:/Users/7sada/.m2/repository/software/amazon/awssdk/profiles/2.25.27/profiles-2.25.27.jar:/Users/7sada/.m2/repository/software/amazon/awssdk/crt-core/2.25.27/crt-core-2.25.27.jar:/Users/7sada/.m2/repository/software/amazon/awssdk/http-auth/2.25.27/http-auth-2.25.27.jar:/Users/7sada/.m2/repository/software/amazon/awssdk/identity-spi/2.25.27/identity-spi-2.25.27.jar:/Users/7sada/.m2/repository/software/amazon/awssdk/http-auth-spi/2.25.27/http-auth-spi-2.25.27.jar:/Users/7sada/.m2/repository/org/reactivestreams/reactive-streams/1.0.4/reactive-streams-1.0.4.jar:/Users/7sada/.m2/repository/software/amazon/awssdk/http-auth-aws/2.25.27/http-auth-aws-2.25.27.jar:/Users/7sada/.m2/repository/software/amazon/awssdk/checksums/2.25.27/checksums-2.25.27.jar:/Users/7sada/.m2/repository/software/amazon/awssdk/checksums-spi/2.25.27/checksums-spi-2.25.27.jar:/Users/7sada/.m2/repository/software/amazon/awssdk/sdk-core/2.25.27/sdk-core-2.25.27.jar:/Users/7sada/.m2/repository/software/amazon/awssdk/auth/2.25.27/auth-2.25.27.jar:/Users/7sada/.m2/repository/software/amazon/eventstream/eventstream/1.0.1/eventstream-1.0.1.jar:/Users/7sada/.m2/repository/software/amazon/awssdk/http-client-spi/2.25.27/http-client-spi-2.25.27.jar:/Users/7sada/.m2/repository/software/amazon/awssdk/regions/2.25.27/regions-2.25.27.jar:/Users/7sada/.m2/repository/software/amazon/awssdk/annotations/2.25.27/annotations-2.25.27.jar:/Users/7sada/.m2/repository/software/amazon/awssdk/utils/2.25.27/utils-2.25.27.jar:/Users/7sada/.m2/repository/software/amazon/awssdk/aws-core/2.25.27/aws-core-2.25.27.jar:/Users/7sada/.m2/repository/software/amazon/awssdk/metrics-spi/2.25.27/metrics-spi-2.25.27.jar:/Users/7sada/.m2/repository/software/amazon/awssdk/json-utils/2.25.27/json-utils-2.25.27.jar:/Users/7sada/.m2/repository/software/amazon/awssdk/third-party-jackson-core/2.25.27/third-party-jackson-core-2.25.27.jar:/Users/7sada/.m2/repository/software/amazon/awssdk/endpoints-spi/2.25.27/endpoints-spi-2.25.27.jar:/Users/7sada/.m2/repository/software/amazon/awssdk/apache-client/2.25.27/apache-client-2.25.27.jar:/Users/7sada/.m2/repository/org/apache/httpcomponents/httpclient/4.5.13/httpclient-4.5.13.jar:/Users/7sada/.m2/repository/commons-logging/commons-logging/1.2/commons-logging-1.2.jar:/Users/7sada/.m2/repository/org/apache/httpcomponents/httpcore/4.4.16/httpcore-4.4.16.jar:/Users/7sada/.m2/repository/commons-codec/commons-codec/1.16.1/commons-codec-1.16.1.jar:/Users/7sada/.m2/repository/software/amazon/awssdk/netty-nio-client/2.25.27/netty-nio-client-2.25.27.jar:/Users/7sada/.m2/repository/io/netty/netty-codec-http/4.1.115.Final/netty-codec-http-4.1.115.Final.jar:/Users/7sada/.m2/repository/io/netty/netty-codec-http2/4.1.115.Final/netty-codec-http2-4.1.115.Final.jar:/Users/7sada/.m2/repository/io/netty/netty-codec/4.1.115.Final/netty-codec-4.1.115.Final.jar:/Users/7sada/.m2/repository/io/netty/netty-transport/4.1.115.Final/netty-transport-4.1.115.Final.jar:/Users/7sada/.m2/repository/io/netty/netty-common/4.1.115.Final/netty-common-4.1.115.Final.jar:/Users/7sada/.m2/repository/io/netty/netty-buffer/4.1.115.Final/netty-buffer-4.1.115.Final.jar:/Users/7sada/.m2/repository/io/netty/netty-handler/4.1.115.Final/netty-handler-4.1.115.Final.jar:/Users/7sada/.m2/repository/io/netty/netty-transport-native-unix-common/4.1.115.Final/netty-transport-native-unix-common-4.1.115.Final.jar:/Users/7sada/.m2/repository/io/netty/netty-transport-classes-epoll/4.1.115.Final/netty-transport-classes-epoll-4.1.115.Final.jar:/Users/7sada/.m2/repository/io/netty/netty-resolver/4.1.115.Final/netty-resolver-4.1.115.Final.jar:/Users/7sada/.m2/repository/org/springframework/boot/spring-boot-starter-security/3.3.6/spring-boot-starter-security-3.3.6.jar:/Users/7sada/.m2/repository/org/springframework/spring-aop/6.1.15/spring-aop-6.1.15.jar:/Users/7sada/.m2/repository/org/springframework/security/spring-security-config/6.3.5/spring-security-config-6.3.5.jar:/Users/7sada/.m2/repository/org/springframework/security/spring-security-core/6.3.5/spring-security-core-6.3.5.jar:/Users/7sada/.m2/repository/org/springframework/security/spring-security-crypto/6.3.5/spring-security-crypto-6.3.5.jar:/Users/7sada/.m2/repository/org/springframework/security/spring-security-web/6.3.5/spring-security-web-6.3.5.jar:/Users/7sada/.m2/repository/io/jsonwebtoken/jjwt-api/0.11.5/jjwt-api-0.11.5.jar:/Users/7sada/.m2/repository/io/jsonwebtoken/jjwt-impl/0.11.5/jjwt-impl-0.11.5.jar:/Users/7sada/.m2/repository/io/jsonwebtoken/jjwt-jackson/0.11.5/jjwt-jackson-0.11.5.jar:/Users/7sada/.m2/repository/com/fasterxml/jackson/core/jackson-databind/2.17.3/jackson-databind-2.17.3.jar:/Users/7sada/.m2/repository/com/fasterxml/jackson/core/jackson-core/2.17.3/jackson-core-2.17.3.jar:/Users/7sada/.m2/repository/de/mkammerer/argon2-jvm/2.11/argon2-jvm-2.11.jar:/Users/7sada/.m2/repository/de/mkammerer/argon2-jvm-nolibs/2.11/argon2-jvm-nolibs-2.11.jar:/Users/7sada/.m2/repository/net/java/dev/jna/jna/5.8.0/jna-5.8.0.jar:/Users/7sada/.m2/repository/org/bouncycastle/bcprov-jdk15on/1.64/bcprov-jdk15on-1.64.jar:/Users/7sada/.m2/repository/com/google/zxing/core/3.5.2/core-3.5.2.jar:/Users/7sada/.m2/repository/com/google/zxing/javase/3.5.2/javase-3.5.2.jar:/Users/7sada/.m2/repository/com/beust/jcommander/1.82/jcommander-1.82.jar:/Users/7sada/.m2/repository/com/github/jai-imageio/jai-imageio-core/1.4.0/jai-imageio-core-1.4.0.jar:/Users/7sada/.m2/repository/org/springframework/boot/spring-boot-starter-websocket/3.3.6/spring-boot-starter-websocket-3.3.6.jar:/Users/7sada/.m2/repository/org/springframework/spring-messaging/6.1.15/spring-messaging-6.1.15.jar:/Users/7sada/.m2/repository/org/springframework/spring-websocket/6.1.15/spring-websocket-6.1.15.jar:"/>
    <property name="java.vm.vendor" value="Oracle Corporation"/>
    <property name="sun.arch.data.model" value="64"/>
    <property name="java.vendor.url" value="https://java.oracle.com/"/>
    <property name="user.timezone" value="Asia/Bangkok"/>
    <property name="org.jboss.logging.provider" value="slf4j"/>
    <property name="os.name" value="Mac OS X"/>
    <property name="java.vm.specification.version" value="22"/>
    <property name="sun.java.launcher" value="SUN_STANDARD"/>
    <property name="user.country" value="TH"/>
    <property name="sun.boot.library.path" value="/Library/Java/JavaVirtualMachines/jdk-22.jdk/Contents/Home/lib"/>
    <property name="sun.java.command" value="/Users/7sada/Documents/GitHub/pawslink-project/backend/target/surefire/surefirebooter-20250309165735750_3.jar /Users/7sada/Documents/GitHub/pawslink-project/backend/target/surefire 2025-03-09T16-57-35_701-jvmRun1 surefire-20250309165735750_1tmp surefire_0-20250309165735750_2tmp"/>
    <property name="http.nonProxyHosts" value="local|*.local|169.254/16|*.169.254/16"/>
    <property name="jdk.debug" value="release"/>
    <property name="surefire.test.class.path" value="/Users/7sada/Documents/GitHub/pawslink-project/backend/target/test-classes:/Users/7sada/Documents/GitHub/pawslink-project/backend/target/classes:/Users/7sada/.m2/repository/org/springframework/boot/spring-boot-starter-data-jpa/3.3.6/spring-boot-starter-data-jpa-3.3.6.jar:/Users/7sada/.m2/repository/org/springframework/boot/spring-boot-starter-aop/3.3.6/spring-boot-starter-aop-3.3.6.jar:/Users/7sada/.m2/repository/org/aspectj/aspectjweaver/1.9.22.1/aspectjweaver-1.9.22.1.jar:/Users/7sada/.m2/repository/org/springframework/boot/spring-boot-starter-jdbc/3.3.6/spring-boot-starter-jdbc-3.3.6.jar:/Users/7sada/.m2/repository/com/zaxxer/HikariCP/5.1.0/HikariCP-5.1.0.jar:/Users/7sada/.m2/repository/org/springframework/spring-jdbc/6.1.15/spring-jdbc-6.1.15.jar:/Users/7sada/.m2/repository/org/hibernate/orm/hibernate-core/6.5.3.Final/hibernate-core-6.5.3.Final.jar:/Users/7sada/.m2/repository/jakarta/persistence/jakarta.persistence-api/3.1.0/jakarta.persistence-api-3.1.0.jar:/Users/7sada/.m2/repository/jakarta/transaction/jakarta.transaction-api/2.0.1/jakarta.transaction-api-2.0.1.jar:/Users/7sada/.m2/repository/org/jboss/logging/jboss-logging/3.5.3.Final/jboss-logging-3.5.3.Final.jar:/Users/7sada/.m2/repository/org/hibernate/common/hibernate-commons-annotations/6.0.6.Final/hibernate-commons-annotations-6.0.6.Final.jar:/Users/7sada/.m2/repository/io/smallrye/jandex/3.1.2/jandex-3.1.2.jar:/Users/7sada/.m2/repository/com/fasterxml/classmate/1.7.0/classmate-1.7.0.jar:/Users/7sada/.m2/repository/net/bytebuddy/byte-buddy/1.14.19/byte-buddy-1.14.19.jar:/Users/7sada/.m2/repository/org/glassfish/jaxb/jaxb-runtime/4.0.5/jaxb-runtime-4.0.5.jar:/Users/7sada/.m2/repository/org/glassfish/jaxb/jaxb-core/4.0.5/jaxb-core-4.0.5.jar:/Users/7sada/.m2/repository/org/eclipse/angus/angus-activation/2.0.2/angus-activation-2.0.2.jar:/Users/7sada/.m2/repository/org/glassfish/jaxb/txw2/4.0.5/txw2-4.0.5.jar:/Users/7sada/.m2/repository/com/sun/istack/istack-commons-runtime/4.1.2/istack-commons-runtime-4.1.2.jar:/Users/7sada/.m2/repository/jakarta/inject/jakarta.inject-api/2.0.1/jakarta.inject-api-2.0.1.jar:/Users/7sada/.m2/repository/org/antlr/antlr4-runtime/4.13.0/antlr4-runtime-4.13.0.jar:/Users/7sada/.m2/repository/org/springframework/data/spring-data-jpa/3.3.6/spring-data-jpa-3.3.6.jar:/Users/7sada/.m2/repository/org/springframework/data/spring-data-commons/3.3.6/spring-data-commons-3.3.6.jar:/Users/7sada/.m2/repository/org/springframework/spring-orm/6.1.15/spring-orm-6.1.15.jar:/Users/7sada/.m2/repository/org/springframework/spring-context/6.1.15/spring-context-6.1.15.jar:/Users/7sada/.m2/repository/org/springframework/spring-tx/6.1.15/spring-tx-6.1.15.jar:/Users/7sada/.m2/repository/org/springframework/spring-beans/6.1.15/spring-beans-6.1.15.jar:/Users/7sada/.m2/repository/jakarta/annotation/jakarta.annotation-api/2.1.1/jakarta.annotation-api-2.1.1.jar:/Users/7sada/.m2/repository/org/slf4j/slf4j-api/2.0.16/slf4j-api-2.0.16.jar:/Users/7sada/.m2/repository/org/springframework/spring-aspects/6.1.15/spring-aspects-6.1.15.jar:/Users/7sada/.m2/repository/org/springframework/boot/spring-boot-starter-data-rest/3.3.6/spring-boot-starter-data-rest-3.3.6.jar:/Users/7sada/.m2/repository/org/springframework/data/spring-data-rest-webmvc/4.3.6/spring-data-rest-webmvc-4.3.6.jar:/Users/7sada/.m2/repository/org/springframework/data/spring-data-rest-core/4.3.6/spring-data-rest-core-4.3.6.jar:/Users/7sada/.m2/repository/org/springframework/hateoas/spring-hateoas/2.3.3/spring-hateoas-2.3.3.jar:/Users/7sada/.m2/repository/org/springframework/plugin/spring-plugin-core/3.0.0/spring-plugin-core-3.0.0.jar:/Users/7sada/.m2/repository/org/atteo/evo-inflector/1.3/evo-inflector-1.3.jar:/Users/7sada/.m2/repository/com/fasterxml/jackson/core/jackson-annotations/2.17.3/jackson-annotations-2.17.3.jar:/Users/7sada/.m2/repository/org/springframework/boot/spring-boot-starter-web/3.3.6/spring-boot-starter-web-3.3.6.jar:/Users/7sada/.m2/repository/org/springframework/boot/spring-boot-starter/3.3.6/spring-boot-starter-3.3.6.jar:/Users/7sada/.m2/repository/org/springframework/boot/spring-boot-starter-logging/3.3.6/spring-boot-starter-logging-3.3.6.jar:/Users/7sada/.m2/repository/ch/qos/logback/logback-classic/1.5.12/logback-classic-1.5.12.jar:/Users/7sada/.m2/repository/ch/qos/logback/logback-core/1.5.12/logback-core-1.5.12.jar:/Users/7sada/.m2/repository/org/apache/logging/log4j/log4j-to-slf4j/2.23.1/log4j-to-slf4j-2.23.1.jar:/Users/7sada/.m2/repository/org/apache/logging/log4j/log4j-api/2.23.1/log4j-api-2.23.1.jar:/Users/7sada/.m2/repository/org/slf4j/jul-to-slf4j/2.0.16/jul-to-slf4j-2.0.16.jar:/Users/7sada/.m2/repository/org/yaml/snakeyaml/2.2/snakeyaml-2.2.jar:/Users/7sada/.m2/repository/org/springframework/boot/spring-boot-starter-json/3.3.6/spring-boot-starter-json-3.3.6.jar:/Users/7sada/.m2/repository/com/fasterxml/jackson/datatype/jackson-datatype-jdk8/2.17.3/jackson-datatype-jdk8-2.17.3.jar:/Users/7sada/.m2/repository/com/fasterxml/jackson/datatype/jackson-datatype-jsr310/2.17.3/jackson-datatype-jsr310-2.17.3.jar:/Users/7sada/.m2/repository/com/fasterxml/jackson/module/jackson-module-parameter-names/2.17.3/jackson-module-parameter-names-2.17.3.jar:/Users/7sada/.m2/repository/org/springframework/boot/spring-boot-starter-tomcat/3.3.6/spring-boot-starter-tomcat-3.3.6.jar:/Users/7sada/.m2/repository/org/apache/tomcat/embed/tomcat-embed-core/10.1.33/tomcat-embed-core-10.1.33.jar:/Users/7sada/.m2/repository/org/apache/tomcat/embed/tomcat-embed-websocket/10.1.33/tomcat-embed-websocket-10.1.33.jar:/Users/7sada/.m2/repository/org/springframework/spring-web/6.1.15/spring-web-6.1.15.jar:/Users/7sada/.m2/repository/io/micrometer/micrometer-observation/1.13.8/micrometer-observation-1.13.8.jar:/Users/7sada/.m2/repository/io/micrometer/micrometer-commons/1.13.8/micrometer-commons-1.13.8.jar:/Users/7sada/.m2/repository/org/springframework/spring-webmvc/6.1.15/spring-webmvc-6.1.15.jar:/Users/7sada/.m2/repository/org/springframework/spring-expression/6.1.15/spring-expression-6.1.15.jar:/Users/7sada/.m2/repository/org/springframework/boot/spring-boot-devtools/3.3.6/spring-boot-devtools-3.3.6.jar:/Users/7sada/.m2/repository/org/springframework/boot/spring-boot/3.3.6/spring-boot-3.3.6.jar:/Users/7sada/.m2/repository/org/springframework/boot/spring-boot-autoconfigure/3.3.6/spring-boot-autoconfigure-3.3.6.jar:/Users/7sada/.m2/repository/com/mysql/mysql-connector-j/8.3.0/mysql-connector-j-8.3.0.jar:/Users/7sada/.m2/repository/org/projectlombok/lombok/1.18.36/lombok-1.18.36.jar:/Users/7sada/.m2/repository/org/springframework/boot/spring-boot-starter-test/3.3.6/spring-boot-starter-test-3.3.6.jar:/Users/7sada/.m2/repository/org/springframework/boot/spring-boot-test/3.3.6/spring-boot-test-3.3.6.jar:/Users/7sada/.m2/repository/org/springframework/boot/spring-boot-test-autoconfigure/3.3.6/spring-boot-test-autoconfigure-3.3.6.jar:/Users/7sada/.m2/repository/com/jayway/jsonpath/json-path/2.9.0/json-path-2.9.0.jar:/Users/7sada/.m2/repository/jakarta/xml/bind/jakarta.xml.bind-api/4.0.2/jakarta.xml.bind-api-4.0.2.jar:/Users/7sada/.m2/repository/jakarta/activation/jakarta.activation-api/2.1.3/jakarta.activation-api-2.1.3.jar:/Users/7sada/.m2/repository/net/minidev/json-smart/2.5.1/json-smart-2.5.1.jar:/Users/7sada/.m2/repository/net/minidev/accessors-smart/2.5.1/accessors-smart-2.5.1.jar:/Users/7sada/.m2/repository/org/ow2/asm/asm/9.6/asm-9.6.jar:/Users/7sada/.m2/repository/org/assertj/assertj-core/3.25.3/assertj-core-3.25.3.jar:/Users/7sada/.m2/repository/org/awaitility/awaitility/4.2.2/awaitility-4.2.2.jar:/Users/7sada/.m2/repository/org/hamcrest/hamcrest/2.2/hamcrest-2.2.jar:/Users/7sada/.m2/repository/org/junit/jupiter/junit-jupiter/5.10.5/junit-jupiter-5.10.5.jar:/Users/7sada/.m2/repository/org/junit/jupiter/junit-jupiter-api/5.10.5/junit-jupiter-api-5.10.5.jar:/Users/7sada/.m2/repository/org/opentest4j/opentest4j/1.3.0/opentest4j-1.3.0.jar:/Users/7sada/.m2/repository/org/junit/platform/junit-platform-commons/1.10.5/junit-platform-commons-1.10.5.jar:/Users/7sada/.m2/repository/org/apiguardian/apiguardian-api/1.1.2/apiguardian-api-1.1.2.jar:/Users/7sada/.m2/repository/org/junit/jupiter/junit-jupiter-params/5.10.5/junit-jupiter-params-5.10.5.jar:/Users/7sada/.m2/repository/org/junit/jupiter/junit-jupiter-engine/5.10.5/junit-jupiter-engine-5.10.5.jar:/Users/7sada/.m2/repository/org/junit/platform/junit-platform-engine/1.10.5/junit-platform-engine-1.10.5.jar:/Users/7sada/.m2/repository/org/mockito/mockito-core/5.11.0/mockito-core-5.11.0.jar:/Users/7sada/.m2/repository/net/bytebuddy/byte-buddy-agent/1.14.19/byte-buddy-agent-1.14.19.jar:/Users/7sada/.m2/repository/org/objenesis/objenesis/3.3/objenesis-3.3.jar:/Users/7sada/.m2/repository/org/mockito/mockito-junit-jupiter/5.11.0/mockito-junit-jupiter-5.11.0.jar:/Users/7sada/.m2/repository/org/skyscreamer/jsonassert/1.5.3/jsonassert-1.5.3.jar:/Users/7sada/.m2/repository/com/vaadin/external/google/android-json/0.0.20131108.vaadin1/android-json-0.0.20131108.vaadin1.jar:/Users/7sada/.m2/repository/org/springframework/spring-core/6.1.15/spring-core-6.1.15.jar:/Users/7sada/.m2/repository/org/springframework/spring-jcl/6.1.15/spring-jcl-6.1.15.jar:/Users/7sada/.m2/repository/org/springframework/spring-test/6.1.15/spring-test-6.1.15.jar:/Users/7sada/.m2/repository/org/xmlunit/xmlunit-core/2.9.1/xmlunit-core-2.9.1.jar:/Users/7sada/.m2/repository/org/springframework/boot/spring-boot-starter-validation/3.3.6/spring-boot-starter-validation-3.3.6.jar:/Users/7sada/.m2/repository/org/apache/tomcat/embed/tomcat-embed-el/10.1.33/tomcat-embed-el-10.1.33.jar:/Users/7sada/.m2/repository/org/hibernate/validator/hibernate-validator/8.0.1.Final/hibernate-validator-8.0.1.Final.jar:/Users/7sada/.m2/repository/jakarta/validation/jakarta.validation-api/3.0.2/jakarta.validation-api-3.0.2.jar:/Users/7sada/.m2/repository/software/amazon/awssdk/s3/2.25.27/s3-2.25.27.jar:/Users/7sada/.m2/repository/software/amazon/awssdk/aws-xml-protocol/2.25.27/aws-xml-protocol-2.25.27.jar:/Users/7sada/.m2/repository/software/amazon/awssdk/aws-query-protocol/2.25.27/aws-query-protocol-2.25.27.jar:/Users/7sada/.m2/repository/software/amazon/awssdk/protocol-core/2.25.27/protocol-core-2.25.27.jar:/Users/7sada/.m2/repository/software/amazon/awssdk/arns/2.25.27/arns-2.25.27.jar:/Users/7sada/.m2/repository/software/amazon/awssdk/profiles/2.25.27/profiles-2.25.27.jar:/Users/7sada/.m2/repository/software/amazon/awssdk/crt-core/2.25.27/crt-core-2.25.27.jar:/Users/7sada/.m2/repository/software/amazon/awssdk/http-auth/2.25.27/http-auth-2.25.27.jar:/Users/7sada/.m2/repository/software/amazon/awssdk/identity-spi/2.25.27/identity-spi-2.25.27.jar:/Users/7sada/.m2/repository/software/amazon/awssdk/http-auth-spi/2.25.27/http-auth-spi-2.25.27.jar:/Users/7sada/.m2/repository/org/reactivestreams/reactive-streams/1.0.4/reactive-streams-1.0.4.jar:/Users/7sada/.m2/repository/software/amazon/awssdk/http-auth-aws/2.25.27/http-auth-aws-2.25.27.jar:/Users/7sada/.m2/repository/software/amazon/awssdk/checksums/2.25.27/checksums-2.25.27.jar:/Users/7sada/.m2/repository/software/amazon/awssdk/checksums-spi/2.25.27/checksums-spi-2.25.27.jar:/Users/7sada/.m2/repository/software/amazon/awssdk/sdk-core/2.25.27/sdk-core-2.25.27.jar:/Users/7sada/.m2/repository/software/amazon/awssdk/auth/2.25.27/auth-2.25.27.jar:/Users/7sada/.m2/repository/software/amazon/eventstream/eventstream/1.0.1/eventstream-1.0.1.jar:/Users/7sada/.m2/repository/software/amazon/awssdk/http-client-spi/2.25.27/http-client-spi-2.25.27.jar:/Users/7sada/.m2/repository/software/amazon/awssdk/regions/2.25.27/regions-2.25.27.jar:/Users/7sada/.m2/repository/software/amazon/awssdk/annotations/2.25.27/annotations-2.25.27.jar:/Users/7sada/.m2/repository/software/amazon/awssdk/utils/2.25.27/utils-2.25.27.jar:/Users/7sada/.m2/repository/software/amazon/awssdk/aws-core/2.25.27/aws-core-2.25.27.jar:/Users/7sada/.m2/repository/software/amazon/awssdk/metrics-spi/2.25.27/metrics-spi-2.25.27.jar:/Users/7sada/.m2/repository/software/amazon/awssdk/json-utils/2.25.27/json-utils-2.25.27.jar:/Users/7sada/.m2/repository/software/amazon/awssdk/third-party-jackson-core/2.25.27/third-party-jackson-core-2.25.27.jar:/Users/7sada/.m2/repository/software/amazon/awssdk/endpoints-spi/2.25.27/endpoints-spi-2.25.27.jar:/Users/7sada/.m2/repository/software/amazon/awssdk/apache-client/2.25.27/apache-client-2.25.27.jar:/Users/7sada/.m2/repository/org/apache/httpcomponents/httpclient/4.5.13/httpclient-4.5.13.jar:/Users/7sada/.m2/repository/commons-logging/commons-logging/1.2/commons-logging-1.2.jar:/Users/7sada/.m2/repository/org/apache/httpcomponents/httpcore/4.4.16/httpcore-4.4.16.jar:/Users/7sada/.m2/repository/commons-codec/commons-codec/1.16.1/commons-codec-1.16.1.jar:/Users/7sada/.m2/repository/software/amazon/awssdk/netty-nio-client/2.25.27/netty-nio-client-2.25.27.jar:/Users/7sada/.m2/repository/io/netty/netty-codec-http/4.1.115.Final/netty-codec-http-4.1.115.Final.jar:/Users/7sada/.m2/repository/io/netty/netty-codec-http2/4.1.115.Final/netty-codec-http2-4.1.115.Final.jar:/Users/7sada/.m2/repository/io/netty/netty-codec/4.1.115.Final/netty-codec-4.1.115.Final.jar:/Users/7sada/.m2/repository/io/netty/netty-transport/4.1.115.Final/netty-transport-4.1.115.Final.jar:/Users/7sada/.m2/repository/io/netty/netty-common/4.1.115.Final/netty-common-4.1.115.Final.jar:/Users/7sada/.m2/repository/io/netty/netty-buffer/4.1.115.Final/netty-buffer-4.1.115.Final.jar:/Users/7sada/.m2/repository/io/netty/netty-handler/4.1.115.Final/netty-handler-4.1.115.Final.jar:/Users/7sada/.m2/repository/io/netty/netty-transport-native-unix-common/4.1.115.Final/netty-transport-native-unix-common-4.1.115.Final.jar:/Users/7sada/.m2/repository/io/netty/netty-transport-classes-epoll/4.1.115.Final/netty-transport-classes-epoll-4.1.115.Final.jar:/Users/7sada/.m2/repository/io/netty/netty-resolver/4.1.115.Final/netty-resolver-4.1.115.Final.jar:/Users/7sada/.m2/repository/org/springframework/boot/spring-boot-starter-security/3.3.6/spring-boot-starter-security-3.3.6.jar:/Users/7sada/.m2/repository/org/springframework/spring-aop/6.1.15/spring-aop-6.1.15.jar:/Users/7sada/.m2/repository/org/springframework/security/spring-security-config/6.3.5/spring-security-config-6.3.5.jar:/Users/7sada/.m2/repository/org/springframework/security/spring-security-core/6.3.5/spring-security-core-6.3.5.jar:/Users/7sada/.m2/repository/org/springframework/security/spring-security-crypto/6.3.5/spring-security-crypto-6.3.5.jar:/Users/7sada/.m2/repository/org/springframework/security/spring-security-web/6.3.5/spring-security-web-6.3.5.jar:/Users/7sada/.m2/repository/io/jsonwebtoken/jjwt-api/0.11.5/jjwt-api-0.11.5.jar:/Users/7sada/.m2/repository/io/jsonwebtoken/jjwt-impl/0.11.5/jjwt-impl-0.11.5.jar:/Users/7sada/.m2/repository/io/jsonwebtoken/jjwt-jackson/0.11.5/jjwt-jackson-0.11.5.jar:/Users/7sada/.m2/repository/com/fasterxml/jackson/core/jackson-databind/2.17.3/jackson-databind-2.17.3.jar:/Users/7sada/.m2/repository/com/fasterxml/jackson/core/jackson-core/2.17.3/jackson-core-2.17.3.jar:/Users/7sada/.m2/repository/de/mkammerer/argon2-jvm/2.11/argon2-jvm-2.11.jar:/Users/7sada/.m2/repository/de/mkammerer/argon2-jvm-nolibs/2.11/argon2-jvm-nolibs-2.11.jar:/Users/7sada/.m2/repository/net/java/dev/jna/jna/5.8.0/jna-5.8.0.jar:/Users/7sada/.m2/repository/org/bouncycastle/bcprov-jdk15on/1.64/bcprov-jdk15on-1.64.jar:/Users/7sada/.m2/repository/com/google/zxing/core/3.5.2/core-3.5.2.jar:/Users/7sada/.m2/repository/com/google/zxing/javase/3.5.2/javase-3.5.2.jar:/Users/7sada/.m2/repository/com/beust/jcommander/1.82/jcommander-1.82.jar:/Users/7sada/.m2/repository/com/github/jai-imageio/jai-imageio-core/1.4.0/jai-imageio-core-1.4.0.jar:/Users/7sada/.m2/repository/org/springframework/boot/spring-boot-starter-websocket/3.3.6/spring-boot-starter-websocket-3.3.6.jar:/Users/7sada/.m2/repository/org/springframework/spring-messaging/6.1.15/spring-messaging-6.1.15.jar:/Users/7sada/.m2/repository/org/springframework/spring-websocket/6.1.15/spring-websocket-6.1.15.jar:"/>
    <property name="sun.cpu.endian" value="little"/>
    <property name="user.home" value="/Users/7sada"/>
    <property name="user.language" value="en"/>
    <property name="java.specification.vendor" value="Oracle Corporation"/>
    <property name="java.version.date" value="2024-04-16"/>
    <property name="java.home" value="/Library/Java/JavaVirtualMachines/jdk-22.jdk/Contents/Home"/>
    <property name="file.separator" value="/"/>
    <property name="basedir" value="/Users/7sada/Documents/GitHub/pawslink-project/backend"/>
    <property name="java.vm.compressedOopsMode" value="Zero based"/>
    <property name="line.separator" value="&#10;"/>
    <property name="java.vm.specification.vendor" value="Oracle Corporation"/>
    <property name="java.specification.name" value="Java Platform API Specification"/>
    <property name="FILE_LOG_CHARSET" value="UTF-8"/>
    <property name="java.awt.headless" value="true"/>
    <property name="apple.awt.application.name" value="ForkedBooter"/>
    <property name="surefire.real.class.path" value="/Users/7sada/Documents/GitHub/pawslink-project/backend/target/surefire/surefirebooter-20250309165735750_3.jar"/>
    <property name="sun.management.compiler" value="HotSpot 64-Bit Tiered Compilers"/>
    <property name="ftp.nonProxyHosts" value="local|*.local|169.254/16|*.169.254/16"/>
    <property name="java.runtime.version" value="22.0.1+8-16"/>
    <property name="user.name" value="7sada"/>
    <property name="stdout.encoding" value="UTF-8"/>
    <property name="path.separator" value=":"/>
    <property name="os.version" value="15.3.1"/>
    <property name="java.runtime.name" value="Java(TM) SE Runtime Environment"/>
    <property name="file.encoding" value="UTF-8"/>
    <property name="java.vm.name" value="Java HotSpot(TM) 64-Bit Server VM"/>
    <property name="localRepository" value="/Users/7sada/.m2/repository"/>
    <property name="java.vendor.url.bug" value="https://bugreport.java.com/bugreport/"/>
    <property name="java.io.tmpdir" value="/var/folders/2q/f6912fz918jgfdh369f0gzch0000gn/T/"/>
    <property name="com.zaxxer.hikari.pool_number" value="1"/>
    <property name="java.version" value="22.0.1"/>
    <property name="user.dir" value="/Users/7sada/Documents/GitHub/pawslink-project/backend"/>
    <property name="os.arch" value="aarch64"/>
    <property name="java.vm.specification.name" value="Java Virtual Machine Specification"/>
    <property name="PID" value="60982"/>
    <property name="CONSOLE_LOG_CHARSET" value="UTF-8"/>
    <property name="native.encoding" value="UTF-8"/>
    <property name="java.library.path" value="/Users/7sada/Library/Java/Extensions:/Library/Java/Extensions:/Network/Library/Java/Extensions:/System/Library/Java/Extensions:/usr/lib/java:."/>
    <property name="java.vm.info" value="mixed mode, sharing"/>
    <property name="stderr.encoding" value="UTF-8"/>
    <property name="java.vendor" value="Oracle Corporation"/>
    <property name="java.vm.version" value="22.0.1+8-16"/>
    <property name="sun.io.unicode.encoding" value="UnicodeBig"/>
    <property name="socksNonProxyHosts" value="local|*.local|169.254/16|*.169.254/16"/>
    <property name="java.class.version" value="66.0"/>
  </properties>
  <testcase name="contextLoads" classname="sit.pawslink.PawlinksApplicationTests" time="0.302">
    <system-out><![CDATA[16:57:36.098 [main] INFO org.springframework.test.context.support.AnnotationConfigContextLoaderUtils -- Could not detect default configuration classes for test class [sit.pawslink.PawlinksApplicationTests]: PawlinksApplicationTests does not declare any static, non-private, non-final, nested classes annotated with @Configuration.
16:57:36.145 [main] INFO org.springframework.boot.test.context.SpringBootTestContextBootstrapper -- Found @SpringBootConfiguration sit.pawslink.PawlinksApplication for test class sit.pawslink.PawlinksApplicationTests
16:57:36.205 [main] INFO org.springframework.boot.devtools.restart.RestartApplicationListener -- Restart disabled due to context in which it is running

  .   ____          _            __ _ _
 /\\ / ___'_ __ _ _(_)_ __  __ _ \ \ \ \
( ( )\___ | '_ | '_| | '_ \/ _` | \ \ \ \
 \\/  ___)| |_)| | | | | || (_| |  ) ) ) )
  '  |____| .__|_| |_|_| |_\__, | / / / /
 =========|_|==============|___/=/_/_/_/

 :: Spring Boot ::                (v3.3.6)

2025-03-09T16:57:36.330+07:00  INFO 60982 --- [           main] sit.pawslink.PawlinksApplicationTests    : Starting PawlinksApplicationTests using Java 22.0.1 with PID 60982 (started by 7sada in /Users/7sada/Documents/GitHub/pawslink-project/backend)
2025-03-09T16:57:36.331+07:00  INFO 60982 --- [           main] sit.pawslink.PawlinksApplicationTests    : No active profile set, falling back to 1 default profile: "default"
2025-03-09T16:57:36.567+07:00  INFO 60982 --- [           main] .s.d.r.c.RepositoryConfigurationDelegate : Bootstrapping Spring Data JPA repositories in DEFAULT mode.
2025-03-09T16:57:36.589+07:00  INFO 60982 --- [           main] .s.d.r.c.RepositoryConfigurationDelegate : Finished Spring Data repository scanning in 19 ms. Found 4 JPA repository interfaces.
2025-03-09T16:57:36.921+07:00  INFO 60982 --- [           main] o.hibernate.jpa.internal.util.LogHelper  : HHH000204: Processing PersistenceUnitInfo [name: default]
2025-03-09T16:57:36.956+07:00  INFO 60982 --- [           main] org.hibernate.Version                    : HHH000412: Hibernate ORM core version 6.5.3.Final
2025-03-09T16:57:36.970+07:00  INFO 60982 --- [           main] o.h.c.internal.RegionFactoryInitiator    : HHH000026: Second-level cache disabled
2025-03-09T16:57:37.085+07:00  INFO 60982 --- [           main] o.s.o.j.p.SpringPersistenceUnitInfo      : No LoadTimeWeaver setup: ignoring JPA class transformer
2025-03-09T16:57:37.096+07:00  INFO 60982 --- [           main] com.zaxxer.hikari.HikariDataSource       : HikariPool-1 - Starting...
2025-03-09T16:57:37.312+07:00  INFO 60982 --- [           main] com.zaxxer.hikari.pool.HikariPool        : HikariPool-1 - Added connection com.mysql.cj.jdbc.ConnectionImpl@1dd44289
2025-03-09T16:57:37.313+07:00  INFO 60982 --- [           main] com.zaxxer.hikari.HikariDataSource       : HikariPool-1 - Start completed.
2025-03-09T16:57:37.778+07:00  INFO 60982 --- [           main] o.h.e.t.j.p.i.JtaPlatformInitiator       : HHH000489: No JTA platform available (set 'hibernate.transaction.jta.platform' to enable JTA platform integration)
2025-03-09T16:57:37.779+07:00  INFO 60982 --- [           main] j.LocalContainerEntityManagerFactoryBean : Initialized JPA EntityManagerFactory for persistence unit 'default'
2025-03-09T16:57:37.947+07:00  INFO 60982 --- [           main] r$InitializeUserDetailsManagerConfigurer : Global AuthenticationManager configured with UserDetailsService bean with name jwtUserDetailsService
2025-03-09T16:57:38.190+07:00  INFO 60982 --- [           main] o.s.d.j.r.query.QueryEnhancerFactory     : Hibernate is in classpath; If applicable, HQL parser will be used.
2025-03-09T16:57:38.471+07:00  WARN 60982 --- [           main] JpaBaseConfiguration$JpaWebConfiguration : spring.jpa.open-in-view is enabled by default. Therefore, database queries may be performed during view rendering. Explicitly configure spring.jpa.open-in-view to disable this warning
2025-03-09T16:57:38.852+07:00  INFO 60982 --- [           main] o.s.m.s.b.SimpleBrokerMessageHandler     : Starting...
2025-03-09T16:57:38.852+07:00  INFO 60982 --- [           main] o.s.m.s.b.SimpleBrokerMessageHandler     : BrokerAvailabilityEvent[available=true, SimpleBrokerMessageHandler [org.springframework.messaging.simp.broker.DefaultSubscriptionRegistry@4a13a4ca]]
2025-03-09T16:57:38.853+07:00  INFO 60982 --- [           main] o.s.m.s.b.SimpleBrokerMessageHandler     : Started.
2025-03-09T16:57:38.856+07:00  INFO 60982 --- [           main] sit.pawslink.PawlinksApplicationTests    : Started PawlinksApplicationTests in 2.657 seconds (process running for 3.05)
]]></system-out>
    <system-err><![CDATA[WARNING: A Java agent has been loaded dynamically (/Users/7sada/.m2/repository/net/bytebuddy/byte-buddy-agent/1.14.19/byte-buddy-agent-1.14.19.jar)
WARNING: If a serviceability tool is in use, please run with -XX:+EnableDynamicAgentLoading to hide this warning
WARNING: If a serviceability tool is not in use, please run with -Djdk.instrument.traceUsage for more information
WARNING: Dynamic loading of agents will be disallowed by default in a future release
]]></system-err>
  </testcase>
</testsuite>